<?xml version="1.0" encoding="UTF-8"?>
<!-- Generated by org.testng.reporters.JUnitReportReporter -->
<testsuite hostname="LAPTOP-4V9B7M9M" failures="0" tests="1" name="Scripts.Get_Movie" time="30.059" errors="0" timestamp="2021-04-30T18:23:41 IST" skipped="0">
  <testcase classname="Scripts.Get_Movie" name="check_movie" time="30.059"/>
  <system-out/>
</testsuite> <!-- Scripts.Get_Movie -->
